{"timestamp":"2025-08-13T13:54:10.427Z","paymentId":"pay_R4qHnOqlvgjKJH","orderId":"order_R4qHF199OF3vVi","customerId":"demo-customer-id","packageId":"1","amount":29.99,"currency":"INR","status":"success"}
{"timestamp":"2025-08-13T16:02:09.057Z","paymentId":"pay_R4sSwQB9CYPWzq","orderId":"order_R4sRiUYwDmHiY8","customerId":"13","packageId":"1","amount":29.99,"currency":"INR","status":"success"}
{"timestamp":"2025-08-13T16:04:59.120Z","paymentId":"pay_R4sW0pQD0CtOrE","orderId":"order_R4sVKZ3DTadSbI","customerId":"13","packageId":"1","amount":29.99,"currency":"INR","status":"success"}
{"timestamp":"2025-08-13T17:18:52.829Z","paymentId":"pay_R4tm0ST0xxPPEE","orderId":"order_R4tlFRyyRvefug","customerId":"16","packageId":"893358","amount":849.15,"currency":"INR","status":"success"}
{"timestamp":"2025-08-13T17:28:23.520Z","paymentId":"pay_R4tw626D964bzJ","orderId":"order_R4tviaoWbLsHFp","customerId":"16","packageId":"11281","amount":500,"currency":"INR","status":"success"}
{"timestamp":"2025-08-13T17:36:41.514Z","paymentId":"pay_R4u4o1E6MyB8mU","orderId":"order_R4u4GWSD8lcfzY","customerId":"16","packageId":"11281","amount":500,"currency":"INR","status":"success"}
{"timestamp":"2025-08-13T17:46:57.960Z","paymentId":"pay_R4uFgFIqHsRPkc","orderId":"order_R4uFKIoo9wEZfc","customerId":"16","packageId":"11281","amount":500,"currency":"INR","status":"success"}
{"timestamp":"2025-08-14T16:59:52.542Z","paymentId":"pay_R5Hz6K1rJIWKaP","orderId":"order_R5HyXh1DdIvD9i","customerId":"17","packageId":"11281","amount":500,"currency":"INR","status":"success"}
{"timestamp":"2025-08-23T16:33:08.719Z","paymentId":"pay_R8qKm4XeQJTIJb","orderId":"order_R8qJTxvoJxAZKL","customerId":"5","packageId":"basic_plan_001","amount":1000,"currency":"INR","status":"success"}
{"timestamp":"2025-08-23T16:44:39.806Z","paymentId":"pay_R8qX9BmAaQU86U","orderId":"order_R8qWASqsvppzi8","customerId":"7","packageId":"471719","amount":1500,"currency":"INR","status":"success"}
{"timestamp":"2025-08-26T09:36:07.172Z","paymentId":"pay_R9upp2Cfl4mq1f","orderId":"order_R9upSM93N9uvOQ","customerId":"5","packageId":"basic_plan_001","amount":1000,"currency":"INR","status":"success"}
{"timestamp":"2025-08-28T12:08:23.846Z","paymentId":"pay_RAkUvMkSddH4mV","orderId":"order_RAkUFwcYJmHcI9","amount":1000,"currency":"INR","status":"success"}
{"timestamp":"2025-08-28T12:17:01.248Z","paymentId":"pay_RAke1sRoAd9aNg","orderId":"order_RAkdQvi2dnPsWb","amount":1000,"currency":"INR","status":"success"}
{"timestamp":"2025-08-28T15:00:11.630Z","paymentId":"pay_RAnQ8WCGsEIUPx","orderId":"order_RAnOlN9CRftcBy","amount":1000,"currency":"INR","status":"success"}
{"timestamp":"2025-08-28T15:01:56.692Z","paymentId":"pay_RAnSCVTtP8weR7","orderId":"order_RAnRstnnoMqGMv","amount":1000,"currency":"INR","status":"success"}
{"timestamp":"2025-08-28T16:22:24.312Z","paymentId":"pay_RAopEtDWVEeCWR","orderId":"order_RAonlZlrZe1wZ3","amount":1000,"currency":"INR","status":"success"}
{"timestamp":"2025-08-28T16:31:51.992Z","paymentId":"pay_RAozE7wcPuSH3Y","orderId":"order_RAoyBCQBPspi4M","customerId":"1","packageId":"basic_plan_001","amount":1000,"currency":"INR","status":"success"}
{"timestamp":"2025-08-28T16:44:16.766Z","paymentId":"pay_RApCLMou2KUXry","orderId":"order_RApC5xITdNorkT","amount":1000,"currency":"INR","status":"success"}
{"timestamp":"2025-08-28T17:00:42.073Z","paymentId":"pay_RApTgmJV8H5CfJ","orderId":"order_RApTV6KYk080ru","customerId":"5","packageId":"basic_plan_001","amount":1000,"currency":"INR","status":"success"}
{"timestamp":"2025-08-28T17:03:39.286Z","paymentId":"pay_RApWnm1g1HlQbt","orderId":"order_RApWdu4IE57eFu","customerId":"3","packageId":"basic_plan_001","amount":1000,"currency":"INR","status":"success"}
{"timestamp":"2025-08-29T03:25:03.124Z","paymentId":"pay_RB07CeSDRfprcQ","orderId":"order_RB06wYiYTq1HX6","customerId":"7","packageId":"basic_plan_001","amount":1000,"currency":"INR","status":"success"}
